C:\USERS\ZAREND\CS344\PROBLEM SETS\PROBLEM SET 4\X64\DEBUG\COMPARE.OBJ
C:\USERS\ZAREND\CS344\PROBLEM SETS\PROBLEM SET 4\X64\DEBUG\LOADSAVEIMAGE.OBJ
C:\USERS\ZAREND\CS344\PROBLEM SETS\PROBLEM SET 4\X64\DEBUG\MAIN.OBJ
C:\USERS\ZAREND\CS344\PROBLEM SETS\PROBLEM SET 4\X64\DEBUG\REFERENCE_CALC.OBJ
C:\USERS\ZAREND\CS344\PROBLEM SETS\PROBLEM SET 4\X64\DEBUG\VC110.PDB
C:\USERS\ZAREND\CS344\PROBLEM SETS\PROBLEM SET 4\X64\DEBUG\VSPROJ.ILK
C:\USERS\ZAREND\CS344\PROBLEM SETS\PROBLEM SET 4\X64\DEBUG\VSPROJ.EXE
C:\USERS\ZAREND\CS344\PROBLEM SETS\PROBLEM SET 4\X64\DEBUG\VSPROJ.PDB
C:\Users\zarend\cs344\Problem Sets\Problem Set 4\x64\Debug\HW4.cu.cache
C:\Users\zarend\cs344\Problem Sets\Problem Set 4\x64\Debug\student_func.cu.cache
C:\Users\zarend\cs344\Problem Sets\Problem Set 4\x64\Debug\compare.obj
C:\Users\zarend\cs344\Problem Sets\Problem Set 4\x64\Debug\HW4.cu.obj
C:\Users\zarend\cs344\Problem Sets\Problem Set 4\x64\Debug\loadSaveImage.obj
C:\Users\zarend\cs344\Problem Sets\Problem Set 4\x64\Debug\main.obj
C:\Users\zarend\cs344\Problem Sets\Problem Set 4\x64\Debug\reference_calc.obj
C:\Users\zarend\cs344\Problem Sets\Problem Set 4\x64\Debug\student_func.cu.obj
C:\Users\zarend\cs344\Problem Sets\Problem Set 4\x64\Debug\VSProj.ilk
C:\Users\zarend\cs344\Problem Sets\Problem Set 4\x64\Debug\cl.command.1.tlog
C:\Users\zarend\cs344\Problem Sets\Problem Set 4\x64\Debug\CL.read.1.tlog
C:\Users\zarend\cs344\Problem Sets\Problem Set 4\x64\Debug\CL.write.1.tlog
C:\Users\zarend\cs344\Problem Sets\Problem Set 4\x64\Debug\link-cvtres.read.1.tlog
C:\Users\zarend\cs344\Problem Sets\Problem Set 4\x64\Debug\link-cvtres.write.1.tlog
C:\Users\zarend\cs344\Problem Sets\Problem Set 4\x64\Debug\link-rc.read.1.tlog
C:\Users\zarend\cs344\Problem Sets\Problem Set 4\x64\Debug\link-rc.write.1.tlog
C:\Users\zarend\cs344\Problem Sets\Problem Set 4\x64\Debug\link.command.1.tlog
C:\Users\zarend\cs344\Problem Sets\Problem Set 4\x64\Debug\link.read.1.tlog
C:\Users\zarend\cs344\Problem Sets\Problem Set 4\x64\Debug\link.write.1.tlog
C:\Users\zarend\cs344\Problem Sets\Problem Set 4\x64\Debug\vc110.idb
C:\Users\zarend\cs344\Problem Sets\Problem Set 4\x64\Debug\vc110.pdb
C:\Users\zarend\cs344\Problem Sets\Problem Set 4\x64\Debug\VSProj.pdb
C:\Users\zarend\cs344\Problem Sets\Problem Set 4\x64\Debug\VSProj.exe
